2025-06-10T14:08:15+00:00 INFO Automatic database update triggered.
2025-06-10T14:08:15+00:00 INFO Scheduling database updates (from 7.1.0 to 9.9.3)...
2025-06-10T14:08:15+00:00 INFO   Updates from version 7.2.1 scheduled.
2025-06-10T14:08:15+00:00 INFO   Updates from version 7.2.2 scheduled.
2025-06-10T14:08:15+00:00 INFO   Updates from version 7.5.0 scheduled.
2025-06-10T14:08:15+00:00 INFO   Updates from version 7.7.0 scheduled.
2025-06-10T14:08:15+00:00 INFO   Updates from version 7.9.0 scheduled.
2025-06-10T14:08:15+00:00 INFO   Updates from version 8.1.0 scheduled.
2025-06-10T14:08:15+00:00 INFO   Updates from version 8.3.0 scheduled.
2025-06-10T14:08:15+00:00 INFO   Updates from version 8.6.0 scheduled.
2025-06-10T14:08:15+00:00 INFO   Updates from version 8.7.0 scheduled.
2025-06-10T14:08:15+00:00 INFO   Updates from version 8.9.0 scheduled.
2025-06-10T14:08:15+00:00 INFO   Updates from version 8.9.1 scheduled.
2025-06-10T14:08:15+00:00 INFO   Updates from version 9.1.0 scheduled.
2025-06-10T14:08:16+00:00 INFO   Updates from version 9.2.0 scheduled.
2025-06-10T14:08:16+00:00 INFO   Updates from version 9.3.0 scheduled.
2025-06-10T14:08:16+00:00 INFO   Updates from version 9.4.0 scheduled.
2025-06-10T14:08:16+00:00 INFO   Updates from version 9.5.0 scheduled.
2025-06-10T14:08:16+00:00 INFO   Updates from version 9.6.1 scheduled.
2025-06-10T14:08:16+00:00 INFO   Updates from version 9.8.0 scheduled.
2025-06-10T14:08:16+00:00 INFO   Updates from version 9.8.5 scheduled.
2025-06-10T14:08:16+00:00 INFO   Updates from version 9.9.0 scheduled.
2025-06-10T14:08:16+00:00 INFO Database updates scheduled.
2025-06-10T14:08:54+00:00 INFO During the update to 9.1.0, WooCommerce removed 0 user meta rows associated with the meta keys "_last_order", "_order_count" or "_money_spent".
2025-06-10T14:08:55+00:00 INFO During the update to 9.4.0, WooCommerce removed 0 user meta rows associated with the meta key "woocommerce_admin_help_panel_highlight_shown".
